<?xml version="1.0" encoding="UTF-8"?>
<!-- Generated by org.testng.reporters.JUnitXMLReporter -->
<testsuite hostname="PGFY819" name="Default test" tests="6" failures="0" timestamp="31 Jul 2018 08:02:06 GMT" time="100.817" errors="0">
  <testcase name="register" time="68.066" classname="com.test.itest.DemoApplication"/>
  <testcase name="signIn" time="12.193" classname="com.test.itest.DemoApplication"/>
  <testcase name="flightFinder" time="2.559" classname="com.test.itest.DemoApplication"/>
  <testcase name="selectFlight" time="1.366" classname="com.test.itest.DemoApplication"/>
  <testcase name="buyFlight" time="1.091" classname="com.test.itest.DemoApplication"/>
  <testcase name="closeBrowser" time="1.254" classname="com.test.itest.DemoApplication"/>
</testsuite> <!-- Default test -->
