<?xml version="1.0" encoding="UTF-8"?>
<!-- Generated by org.testng.reporters.JUnitXMLReporter -->
<testsuite hostname="A164DESK" name="test2" tests="7" failures="0" timestamp="25 Jul 2018 09:49:32 GMT" time="0.05" errors="0">
  <testcase name="@BeforeTest openBrowser" time="0.0" classname="com.main.test.TestBase">
    <failure type="java.lang.NullPointerException">
      <![CDATA[java.lang.NullPointerException
	at com.main.test.TestBase.openBrowser(TestBase.java:73)
... Removed 22 stack frames]]>
    </failure>
  </testcase> <!-- @BeforeTest openBrowser -->
  <testcase name="@AfterMethod screenShot" time="0.0" classname="com.main.test.TestBase">
    <skipped/>
  </testcase> <!-- @AfterMethod screenShot -->
  <testcase name="@AfterMethod screenShot" time="0.0" classname="com.main.test.TestBase">
    <skipped/>
  </testcase> <!-- @AfterMethod screenShot -->
  <testcase name="@AfterMethod screenShot" time="0.0" classname="com.main.test.TestBase">
    <skipped/>
  </testcase> <!-- @AfterMethod screenShot -->
  <testcase name="@AfterMethod screenShot" time="0.0" classname="com.main.test.TestBase">
    <skipped/>
  </testcase> <!-- @AfterMethod screenShot -->
  <testcase name="@AfterMethod screenShot" time="0.0" classname="com.main.test.TestBase">
    <skipped/>
  </testcase> <!-- @AfterMethod screenShot -->
  <testcase name="@AfterMethod screenShot" time="0.0" classname="com.main.test.TestBase">
    <skipped/>
  </testcase> <!-- @AfterMethod screenShot -->
  <testcase name="@AfterMethod screenShot" time="0.0" classname="com.main.test.TestBase">
    <skipped/>
  </testcase> <!-- @AfterMethod screenShot -->
  <testcase name="@AfterTest afterTest" time="0.0" classname="com.main.test.TestBase">
    <skipped/>
  </testcase> <!-- @AfterTest afterTest -->
  <testcase name="register" time="0.002" classname="com.main.test.TestBase">
    <skipped/>
  </testcase> <!-- register -->
  <testcase name="signIn" time="0.001" classname="com.main.test.TestBase">
    <skipped/>
  </testcase> <!-- signIn -->
  <testcase name="flightFinder" time="0.001" classname="com.main.test.TestBase">
    <skipped/>
  </testcase> <!-- flightFinder -->
  <testcase name="selectFlight" time="0.001" classname="com.main.test.TestBase">
    <skipped/>
  </testcase> <!-- selectFlight -->
  <testcase name="buyFlight" time="0.001" classname="com.main.test.TestBase">
    <skipped/>
  </testcase> <!-- buyFlight -->
  <testcase name="click_logOut" time="0.0" classname="com.main.test.TestBase">
    <skipped/>
  </testcase> <!-- click_logOut -->
  <testcase name="closeBrowser" time="0.001" classname="com.main.test.TestBase">
    <skipped/>
  </testcase> <!-- closeBrowser -->
</testsuite> <!-- test2 -->
