<?xml version="1.0" encoding="UTF-8"?>
<testng-results skipped="0" failed="0" total="1" passed="1">
  <reporter-output>
  </reporter-output>
  <suite name="Suite" duration-ms="84970" started-at="2018-07-26T12:06:42Z" finished-at="2018-07-26T12:08:07Z">
    <groups>
    </groups>
    <test name="Test" duration-ms="84970" started-at="2018-07-26T12:06:42Z" finished-at="2018-07-26T12:08:07Z">
      <class name="com.main.test.TestBase">
        <test-method status="PASS" signature="openBrowser()[pri:0, instance:com.main.test.TestBase@1c33c17b]" name="openBrowser" is-config="true" duration-ms="5828" started-at="2018-07-26T17:36:42Z" finished-at="2018-07-26T17:36:48Z">
          <reporter-output>
          </reporter-output>
        </test-method> <!-- openBrowser -->
        <test-method status="PASS" signature="signIn()[pri:2, instance:com.main.test.TestBase@1c33c17b]" name="signIn" duration-ms="78854" started-at="2018-07-26T17:36:48Z" finished-at="2018-07-26T17:38:06Z">
          <reporter-output>
          </reporter-output>
        </test-method> <!-- signIn -->
        <test-method status="PASS" signature="screenShot(org.testng.ITestResult)[pri:0, instance:com.main.test.TestBase@1c33c17b]" name="screenShot" is-config="true" duration-ms="3" started-at="2018-07-26T17:38:06Z" finished-at="2018-07-26T17:38:06Z">
          <params>
            <param index="0">
              <value>
                <![CDATA[[TestResult name=signIn status=SUCCESS method=TestBase.signIn()[pri:2, instance:com.main.test.TestBase@1c33c17b] output={null}]]]>
              </value>
            </param>
          </params>
          <reporter-output>
          </reporter-output>
        </test-method> <!-- screenShot -->
        <test-method status="PASS" signature="afterTest()[pri:0, instance:com.main.test.TestBase@1c33c17b]" name="afterTest" is-config="true" duration-ms="271" started-at="2018-07-26T17:38:06Z" finished-at="2018-07-26T17:38:07Z">
          <reporter-output>
          </reporter-output>
        </test-method> <!-- afterTest -->
      </class> <!-- com.main.test.TestBase -->
    </test> <!-- Test -->
  </suite> <!-- Suite -->
</testng-results>
